2021-04-17 14:37:32,314 [main] INFO Zoopla Automation - ******** > Test excuted with chrome browser  < ***********
2021-04-17 14:37:35,210 [main] INFO Zoopla Automation - ******** > User able to enter URL  < ***********
2021-04-17 14:37:37,618 [main] INFO Zoopla Automation - ******** > User able click on Accept the cookies < ***********
2021-04-17 14:37:37,820 [main] INFO Zoopla Automation - ******** > User able to click on the login button < ***********
2021-04-17 14:37:39,244 [main] INFO Zoopla Automation - ******** > User enter the userName & Peassword < ***********
2021-04-17 14:37:39,677 [main] INFO Zoopla Automation - ******** > User click on the signing button < ***********
2021-04-17 14:37:39,705 [main] INFO Zoopla Automation - ******** > User able to verify successfully login & verify the homepage title < ***********
2021-04-17 14:38:53,316 [main] INFO Zoopla Automation - ******** > Test excuted with chrome browser  < ***********
2021-04-17 14:38:56,102 [main] INFO Zoopla Automation - ******** > User able to enter URL  < ***********
2021-04-17 14:38:58,442 [main] INFO Zoopla Automation - ******** > User able click on Accept the cookies < ***********
2021-04-17 14:38:58,651 [main] INFO Zoopla Automation - ******** > User able to click on the login button < ***********
2021-04-17 14:39:00,310 [main] INFO Zoopla Automation - ******** > User enter the userName & Peassword < ***********
2021-04-17 14:39:00,707 [main] INFO Zoopla Automation - ******** > User click on the signing button < ***********
2021-04-17 14:39:00,734 [main] INFO Zoopla Automation - ******** > User able to verify successfully login & verify the homepage title < ***********
2021-04-17 14:58:39,171 [main] INFO Zoopla Automation - ******** > Test excuted with chrome browser  < ***********
2021-04-17 14:58:42,121 [main] INFO Zoopla Automation - ******** > User able to enter URL  < ***********
2021-04-17 14:58:44,402 [main] INFO Zoopla Automation - ******** > User able click on Accept the cookies < ***********
2021-04-17 14:58:44,603 [main] INFO Zoopla Automation - ******** > User able to click on the login button < ***********
2021-04-17 14:58:46,305 [main] INFO Zoopla Automation - ******** > User enter the userName & Peassword < ***********
2021-04-17 14:58:46,686 [main] INFO Zoopla Automation - ******** > User click on the signing button < ***********
2021-04-17 14:58:46,710 [main] INFO Zoopla Automation - ******** > User able to verify successfully login & verify the homepage title < ***********
2021-04-17 15:00:10,796 [main] INFO Zoopla Automation - ******** > Test excuted with chrome browser  < ***********
2021-04-17 15:00:13,099 [main] INFO Zoopla Automation - ******** > User able to enter URL  < ***********
2021-04-17 15:00:14,929 [main] INFO Zoopla Automation - ******** > User able click on Accept the cookies < ***********
2021-04-17 15:00:15,118 [main] INFO Zoopla Automation - ******** > User able to click on the login button < ***********
2021-04-17 15:00:16,541 [main] INFO Zoopla Automation - ******** > User enter the userName & Peassword < ***********
2021-04-17 15:00:16,929 [main] INFO Zoopla Automation - ******** > User click on the signing button < ***********
2021-04-17 15:00:16,957 [main] INFO Zoopla Automation - ******** > User able to verify successfully login & verify the homepage title < ***********
2021-04-17 15:01:29,014 [main] INFO Zoopla Automation - ******** > Test excuted with chrome browser  < ***********
2021-04-17 15:01:31,457 [main] INFO Zoopla Automation - ******** > User able to enter URL  < ***********
2021-04-17 15:01:33,077 [main] INFO Zoopla Automation - ******** > User able click on Accept the cookies < ***********
2021-04-17 15:01:33,247 [main] INFO Zoopla Automation - ******** > User able to click on the login button < ***********
2021-04-17 15:01:34,989 [main] INFO Zoopla Automation - ******** > User enter the userName & Peassword < ***********
2021-04-17 15:01:35,349 [main] INFO Zoopla Automation - ******** > User click on the signing button < ***********
2021-04-17 15:01:35,375 [main] INFO Zoopla Automation - ******** > User able to verify successfully login & verify the homepage title < ***********
2021-04-17 15:03:02,312 [main] INFO Zoopla Automation - ******** > Test excuted with chrome browser  < ***********
2021-04-17 15:03:04,648 [main] INFO Zoopla Automation - ******** > User able to enter URL  < ***********
2021-04-17 15:03:07,254 [main] INFO Zoopla Automation - ******** > User able click on Accept the cookies < ***********
2021-04-17 15:03:07,450 [main] INFO Zoopla Automation - ******** > User able to click on the login button < ***********
2021-04-17 15:03:09,040 [main] INFO Zoopla Automation - ******** > User enter the userName & Peassword < ***********
2021-04-17 15:03:09,387 [main] INFO Zoopla Automation - ******** > User click on the signing button < ***********
2021-04-17 15:03:09,419 [main] INFO Zoopla Automation - ******** > User able to verify successfully login & verify the homepage title < ***********
2021-04-17 15:03:11,437 [main] INFO Zoopla Automation - ******** > User able to take screen shot for verfy the homepage < ***********
2021-04-17 15:15:04,298 [main] INFO Zoopla Automation - ******** > Test excuted with chrome browser  < ***********
2021-04-17 15:15:06,672 [main] INFO Zoopla Automation - ******** > User able to enter URL  < ***********
2021-04-17 15:15:08,714 [main] INFO Zoopla Automation - ******** > User able click on Accept the cookies < ***********
2021-04-17 15:15:08,894 [main] INFO Zoopla Automation - ******** > User able to click on the login button < ***********
2021-04-17 15:15:09,849 [main] INFO Zoopla Automation - ******** > User enter the userName & Peassword < ***********
2021-04-17 15:15:10,394 [main] INFO Zoopla Automation - ******** > User click on the signing button < ***********
2021-04-17 15:15:10,419 [main] INFO Zoopla Automation - ******** > User able to verify successfully login & verify the homepage title < ***********
2021-04-17 15:15:12,435 [main] INFO Zoopla Automation - ******** > User able to take screen shot for verfy the homepage < ***********
2021-04-17 16:20:16,992 [main] INFO Zoopla Automation - ******** > Test excuted with chrome browser  < ***********
2021-04-17 16:20:19,929 [main] INFO Zoopla Automation - ******** > User able to enter URL  < ***********
2021-04-17 16:20:21,512 [main] INFO Zoopla Automation - ******** > User able click on Accept the cookies < ***********
2021-04-17 16:20:21,697 [main] INFO Zoopla Automation - ******** > User able to click on the login button < ***********
2021-04-17 16:20:23,165 [main] INFO Zoopla Automation - ******** > User enter the userName & Peassword < ***********
2021-04-17 16:20:23,504 [main] INFO Zoopla Automation - ******** > User click on the signing button < ***********
2021-04-17 16:20:23,529 [main] INFO Zoopla Automation - ******** > User able to verify successfully login & verify the homepage title < ***********
2021-04-17 16:20:25,550 [main] INFO Zoopla Automation - ******** > User able to take screen shot for verfy the homepage < ***********
2021-04-17 16:24:01,562 [main] INFO Zoopla Automation - ******** > Test excuted with chrome browser  < ***********
2021-04-17 16:24:04,132 [main] INFO Zoopla Automation - ******** > User able to enter URL  < ***********
2021-04-17 16:24:06,105 [main] INFO Zoopla Automation - ******** > User able click on Accept the cookies < ***********
2021-04-17 16:24:06,301 [main] INFO Zoopla Automation - ******** > User able to click on the login button < ***********
2021-04-17 16:24:08,645 [main] INFO Zoopla Automation - ******** > User enter the userName & Peassword < ***********
2021-04-17 16:24:09,040 [main] INFO Zoopla Automation - ******** > User click on the signing button < ***********
2021-04-17 16:24:09,064 [main] INFO Zoopla Automation - ******** > User able to verify successfully login & verify the homepage title < ***********
2021-04-17 16:24:11,077 [main] INFO Zoopla Automation - ******** > User able to take screen shot for verfy the homepage < ***********
2021-04-17 16:47:40,753 [main] INFO Zoopla Automation - ******** > Test excuted with chrome browser  < ***********
2021-04-17 16:47:43,724 [main] INFO Zoopla Automation - ******** > User able to enter URL  < ***********
2021-04-17 16:47:45,253 [main] INFO Zoopla Automation - ******** > User able click on Accept the cookies < ***********
2021-04-17 16:47:45,444 [main] INFO Zoopla Automation - ******** > User able to click on the login button < ***********
2021-04-17 16:47:46,907 [main] INFO Zoopla Automation - ******** > User enter the userName & Peassword < ***********
2021-04-17 16:47:47,251 [main] INFO Zoopla Automation - ******** > User click on the signing button < ***********
2021-04-17 16:47:47,272 [main] INFO Zoopla Automation - ******** > User able to verify successfully login & verify the homepage title < ***********
2021-04-17 16:47:49,285 [main] INFO Zoopla Automation - ******** > User able to take screen shot for verfy the homepage < ***********
2021-04-21 17:58:50,335 [main] INFO Zoopla Automation - ******** > Test excuted with chrome browser  < ***********
2021-04-21 17:59:34,220 [main] INFO Zoopla Automation - ******** > Test excuted with chrome browser  < ***********
2021-04-22 22:44:46,152 [main] INFO Zoopla Automation - ******** > Test excuted with chrome browser  < ***********
2021-04-22 22:45:04,086 [main] INFO Zoopla Automation - ******** > Test excuted with chrome browser  < ***********
2021-04-22 22:46:09,372 [main] INFO Zoopla Automation - ******** > Test excuted with chrome browser  < ***********
2021-04-22 22:49:07,198 [main] INFO Zoopla Automation - ******** > Test excuted with chrome browser  < ***********
2021-04-22 22:49:58,270 [main] INFO Zoopla Automation - ******** > Test excuted with chrome browser  < ***********
2021-04-22 22:50:03,718 [main] INFO Zoopla Automation - ******** > User able to enter URL  < ***********
2021-04-22 22:50:07,516 [main] INFO Zoopla Automation - ******** > User able click on Accept the cookies < ***********
2021-04-22 22:50:07,688 [main] INFO Zoopla Automation - ******** > User able to click on the login button < ***********
2021-04-22 22:50:10,593 [main] INFO Zoopla Automation - ******** > User enter the userName & Peassword < ***********
2021-04-22 22:50:10,891 [main] INFO Zoopla Automation - ******** > User click on the signing button < ***********
2021-04-22 22:50:10,913 [main] INFO Zoopla Automation - ******** > User able to verify successfully login & verify the homepage title < ***********
2021-04-22 22:50:12,925 [main] INFO Zoopla Automation - ******** > User able to take screen shot for verfy the homepage < ***********
2021-04-22 22:51:23,880 [main] INFO Zoopla Automation - ******** > Test excuted with chrome browser  < ***********
2021-04-22 22:51:25,864 [main] INFO Zoopla Automation - ******** > User able to enter URL  < ***********
2021-04-22 22:51:28,620 [main] INFO Zoopla Automation - ******** > User able click on Accept the cookies < ***********
2021-04-22 22:51:28,779 [main] INFO Zoopla Automation - ******** > User able to click on the login button < ***********
2021-04-22 22:51:31,374 [main] INFO Zoopla Automation - ******** > User enter the userName & Peassword < ***********
2021-04-22 22:51:31,627 [main] INFO Zoopla Automation - ******** > User click on the signing button < ***********
2021-04-22 22:51:31,644 [main] INFO Zoopla Automation - ******** > User able to verify successfully login & verify the homepage title < ***********
2021-04-22 22:51:33,656 [main] INFO Zoopla Automation - ******** > User able to take screen shot for verfy the homepage < ***********
2021-04-23 17:30:05,928 [main] INFO Zoopla Automation - ******** > Test excuted with chrome browser  < ***********
2021-04-23 18:52:56,740 [main] INFO Zoopla Automation - ******** > Test excuted with chrome browser  < ***********
2021-04-23 19:07:50,927 [main] INFO Zoopla Automation - ******** > Test excuted with chrome browser  < ***********
2021-04-23 21:33:45,290 [main] INFO Zoopla Automation - ******** > Test excuted with chrome browser  < ***********
2021-04-23 21:33:47,164 [main] INFO Zoopla Automation - ******** > User able to enter URL  < ***********
2021-04-23 21:33:48,809 [main] INFO Zoopla Automation - ******** > User able click on Accept the cookies < ***********
2021-04-23 21:33:49,065 [main] INFO Zoopla Automation - ******** > User able to click on the login button < ***********
2021-04-23 21:33:50,624 [main] INFO Zoopla Automation - ******** > User enter the userName & Peassword < ***********
2021-04-23 21:33:50,887 [main] INFO Zoopla Automation - ******** > User click on the signing button < ***********
2021-04-23 21:33:50,903 [main] INFO Zoopla Automation - ******** > User able to verify successfully login & verify the homepage title < ***********
2021-04-23 21:33:52,913 [main] INFO Zoopla Automation - ******** > User able to take screen shot for verfy the homepage < ***********
2021-04-23 21:36:20,168 [main] INFO Zoopla Automation - ******** > Test excuted with chrome browser  < ***********
2021-04-23 21:36:22,131 [main] INFO Zoopla Automation - ******** > User able to enter URL  < ***********
2021-04-23 21:36:23,585 [main] INFO Zoopla Automation - ******** > User able click on Accept the cookies < ***********
2021-04-23 21:36:23,767 [main] INFO Zoopla Automation - ******** > User able to click on the login button < ***********
2021-04-23 21:36:24,981 [main] INFO Zoopla Automation - ******** > User enter the userName & Peassword < ***********
2021-04-23 21:36:25,202 [main] INFO Zoopla Automation - ******** > User click on the signing button < ***********
2021-04-23 21:36:25,218 [main] INFO Zoopla Automation - ******** > User able to verify successfully login & verify the homepage title < ***********
2021-04-23 21:36:27,236 [main] INFO Zoopla Automation - ******** > User able to take screen shot for verfy the homepage < ***********
2021-04-23 21:41:56,235 [main] INFO Zoopla Automation - ******** > Test excuted with chrome browser  < ***********
2021-04-23 21:41:57,917 [main] INFO Zoopla Automation - ******** > User able to enter URL  < ***********
2021-04-23 21:41:59,358 [main] INFO Zoopla Automation - ******** > User able click on Accept the cookies < ***********
2021-04-23 21:41:59,524 [main] INFO Zoopla Automation - ******** > User able to click on the login button < ***********
2021-04-23 21:42:00,862 [main] INFO Zoopla Automation - ******** > User enter the userName & Peassword < ***********
2021-04-23 21:42:01,084 [main] INFO Zoopla Automation - ******** > User click on the signing button < ***********
2021-04-23 21:42:01,104 [main] INFO Zoopla Automation - ******** > User able to verify successfully login & verify the homepage title < ***********
2021-04-23 21:42:03,115 [main] INFO Zoopla Automation - ******** > User able to take screen shot for verfy the homepage < ***********
2021-04-24 13:44:46,898 [main] INFO Zoopla Automation - ******** > Test excuted with chrome browser  < ***********
2021-04-24 13:44:49,551 [main] INFO Zoopla Automation - ******** > User able to enter URL  < ***********
2021-04-24 13:44:51,573 [main] INFO Zoopla Automation - ******** > User able click on Accept the cookies < ***********
2021-04-24 13:44:51,846 [main] INFO Zoopla Automation - ******** > User able to click on the login button < ***********
2021-04-24 13:44:53,282 [main] INFO Zoopla Automation - ******** > User enter the userName & Peassword < ***********
2021-04-24 13:44:53,522 [main] INFO Zoopla Automation - ******** > User click on the signing button < ***********
2021-04-24 13:44:53,537 [main] INFO Zoopla Automation - ******** > User able to verify successfully login & verify the homepage title < ***********
2021-04-24 13:44:55,551 [main] INFO Zoopla Automation - ******** > User able to take screen shot for verfy the homepage < ***********
2021-04-25 23:25:55,686 [main] INFO Zoopla Automation - ******** > Test excuted with chrome browser  < ***********
2021-04-25 23:25:57,630 [main] INFO Zoopla Automation - ******** > User able to enter URL  < ***********
2021-04-25 23:25:59,417 [main] INFO Zoopla Automation - ******** > User able click on Accept the cookies < ***********
2021-04-25 23:25:59,707 [main] INFO Zoopla Automation - ******** > User able to click on the login button < ***********
2021-04-25 23:26:01,155 [main] INFO Zoopla Automation - ******** > User enter the userName & Peassword < ***********
2021-04-25 23:26:01,508 [main] INFO Zoopla Automation - ******** > User click on the signing button < ***********
2021-04-25 23:26:01,527 [main] INFO Zoopla Automation - ******** > User able to verify successfully login & verify the homepage title < ***********
2021-04-25 23:26:03,538 [main] INFO Zoopla Automation - ******** > User able to take screen shot for verfy the homepage < ***********
2021-04-25 23:30:32,245 [main] INFO Zoopla Automation - ******** > Test excuted with chrome browser  < ***********
2021-04-25 23:30:34,090 [main] INFO Zoopla Automation - ******** > User able to enter URL  < ***********
2021-04-25 23:30:36,452 [main] INFO Zoopla Automation - ******** > User able click on Accept the cookies < ***********
2021-04-25 23:30:36,655 [main] INFO Zoopla Automation - ******** > User able to click on the login button < ***********
2021-04-25 23:30:38,075 [main] INFO Zoopla Automation - ******** > User enter the userName & Peassword < ***********
2021-04-25 23:30:38,329 [main] INFO Zoopla Automation - ******** > User click on the signing button < ***********
2021-04-25 23:30:38,345 [main] INFO Zoopla Automation - ******** > User able to verify successfully login & verify the homepage title < ***********
2021-04-25 23:30:40,355 [main] INFO Zoopla Automation - ******** > User able to take screen shot for verfy the homepage < ***********
2021-04-27 00:28:29,552 [main] INFO Zoopla Automation - ******** > Test excuted with chrome browser  < ***********
2021-04-27 00:28:31,482 [main] INFO Zoopla Automation - ******** > User able to enter URL  < ***********
2021-04-27 00:28:32,987 [main] INFO Zoopla Automation - ******** > User able click on Accept the cookies < ***********
2021-04-27 00:28:33,363 [main] INFO Zoopla Automation - ******** > User able to click on the login button < ***********
2021-04-27 00:28:35,184 [main] INFO Zoopla Automation - ******** > User enter the userName & Peassword < ***********
2021-04-27 00:28:35,491 [main] INFO Zoopla Automation - ******** > User click on the signing button < ***********
2021-04-27 00:28:35,515 [main] INFO Zoopla Automation - ******** > User able to verify successfully login & verify the homepage title < ***********
2021-04-27 00:28:37,526 [main] INFO Zoopla Automation - ******** > User able to take screen shot for verfy the homepage < ***********
2021-05-27 13:50:23,247 [main] INFO Zoopla Automation - ******** > Test excuted with chrome browser  < ***********
2021-05-27 13:50:25,079 [main] INFO Zoopla Automation - ******** > User able to enter URL  < ***********
2021-05-27 13:50:26,598 [main] INFO Zoopla Automation - ******** > User able click on Accept the cookies < ***********
2021-05-27 13:50:26,828 [main] INFO Zoopla Automation - ******** > User able to click on the login button < ***********
2021-05-27 13:50:28,199 [main] INFO Zoopla Automation - ******** > User enter the userName & Peassword < ***********
2021-05-27 13:50:28,423 [main] INFO Zoopla Automation - ******** > User click on the signing button < ***********
2021-05-27 13:50:28,438 [main] INFO Zoopla Automation - ******** > User able to verify successfully login & verify the homepage title < ***********
2021-05-27 13:50:30,448 [main] INFO Zoopla Automation - ******** > User able to take screen shot for verfy the homepage < ***********
2021-06-15 19:02:46,440 [main] INFO Zoopla Automation - ******** > Test excuted with chrome browser  < ***********
2021-06-15 19:02:48,288 [main] INFO Zoopla Automation - ******** > User able to enter URL  < ***********
2021-06-15 19:02:49,796 [main] INFO Zoopla Automation - ******** > User able click on Accept the cookies < ***********
2021-06-15 19:02:49,966 [main] INFO Zoopla Automation - ******** > User able to click on the login button < ***********
2021-06-15 19:54:56,568 [main] INFO Zoopla Automation - ******** > Test excuted with chrome browser  < ***********
2021-06-15 19:56:18,706 [main] INFO Zoopla Automation - ******** > Test excuted with chrome browser  < ***********
2021-06-15 19:56:20,516 [main] INFO Zoopla Automation - ******** > User able to enter URL  < ***********
2021-06-15 19:56:22,031 [main] INFO Zoopla Automation - ******** > User able click on Accept the cookies < ***********
2021-06-15 19:56:22,218 [main] INFO Zoopla Automation - ******** > User able to click on the login button < ***********
2021-06-22 15:11:39,870 [main] INFO Zoopla Automation - ******** > Test excuted with chrome browser  < ***********
2021-06-22 15:11:41,663 [main] INFO Zoopla Automation - ******** > User able to enter URL  < ***********
2021-06-22 15:11:43,120 [main] INFO Zoopla Automation - ******** > User able click on Accept the cookies < ***********
2021-06-22 15:11:43,283 [main] INFO Zoopla Automation - ******** > User able to click on the login button < ***********
2021-08-01 15:12:56,026 [main] INFO Zoopla Automation - ******** > Test excuted with chrome browser  < ***********
2021-08-04 01:01:35,036 [main] INFO Zoopla Automation - ******** > Test excuted with chrome browser  < ***********
2021-08-11 00:19:58,402 [main] INFO Zoopla Automation - ******** > Test excuted with chrome browser  < ***********
2021-08-11 00:20:00,273 [main] INFO Zoopla Automation - ******** > Test excuted with chrome browser  < ***********
2021-08-11 00:20:01,410 [main] INFO Zoopla Automation - ******** > Test excuted with chrome browser  < ***********
2021-08-11 00:20:02,623 [main] INFO Zoopla Automation - ******** > Test excuted with chrome browser  < ***********
2021-08-11 00:20:03,920 [main] INFO Zoopla Automation - ******** > Test excuted with chrome browser  < ***********
2021-09-07 21:29:02,317 [main] INFO Zoopla Automation - ******** > Test excuted with chrome browser  < ***********
2021-10-05 22:41:48,064 [main] INFO Zoopla Automation - ******** > Test excuted with chrome browser  < ***********
2021-10-20 16:18:19,339 [main] INFO Zoopla Automation - ******** > Test excuted with chrome browser  < ***********
2021-10-20 16:18:21,702 [main] INFO Zoopla Automation - ******** > User able to enter URL  < ***********
2021-10-20 16:18:23,518 [main] INFO Zoopla Automation - ******** > User able click on Accept the cookies < ***********
2021-10-20 16:20:09,885 [main] INFO Zoopla Automation - ******** > Test excuted with chrome browser  < ***********
2021-10-20 16:20:11,943 [main] INFO Zoopla Automation - ******** > User able to enter URL  < ***********
2021-10-20 16:20:13,924 [main] INFO Zoopla Automation - ******** > User able click on Accept the cookies < ***********
2021-10-20 16:21:56,211 [main] INFO Zoopla Automation - ******** > Test excuted with chrome browser  < ***********
2021-10-20 16:21:58,328 [main] INFO Zoopla Automation - ******** > User able to enter URL  < ***********
2021-10-20 16:22:00,045 [main] INFO Zoopla Automation - ******** > User able click on Accept the cookies < ***********
2021-10-20 16:25:39,706 [main] INFO Zoopla Automation - ******** > Test excuted with chrome browser  < ***********
2021-10-20 16:25:41,989 [main] INFO Zoopla Automation - ******** > User able to enter URL  < ***********
2021-10-20 16:25:43,564 [main] INFO Zoopla Automation - ******** > User able click on Accept the cookies < ***********
2021-10-20 16:26:09,730 [main] INFO Zoopla Automation - ******** > Test excuted with chrome browser  < ***********
2021-10-20 16:26:12,104 [main] INFO Zoopla Automation - ******** > User able to enter URL  < ***********
2021-10-20 16:26:13,787 [main] INFO Zoopla Automation - ******** > User able click on Accept the cookies < ***********
2021-10-20 16:32:45,766 [main] INFO Zoopla Automation - ******** > Test excuted with chrome browser  < ***********
2021-10-20 16:32:48,123 [main] INFO Zoopla Automation - ******** > User able to enter URL  < ***********
2021-10-20 16:32:49,639 [main] INFO Zoopla Automation - ******** > User able click on Accept the cookies < ***********
2021-10-20 16:38:27,114 [main] INFO Zoopla Automation - ******** > Test excuted with chrome browser  < ***********
2021-10-20 16:38:29,458 [main] INFO Zoopla Automation - ******** > User able to enter URL  < ***********
2021-10-20 16:38:31,378 [main] INFO Zoopla Automation - ******** > User able to click on the login button < ***********
2021-10-20 16:38:33,016 [main] INFO Zoopla Automation - ******** > User enter the userName & Peassword < ***********
2021-10-20 16:38:33,275 [main] INFO Zoopla Automation - ******** > User click on the signing button < ***********
2021-10-20 16:38:33,304 [main] INFO Zoopla Automation - ******** > User able to verify successfully login & verify the homepage title < ***********
2021-10-20 16:38:35,318 [main] INFO Zoopla Automation - ******** > User able to take screen shot for verfy the homepage < ***********
2021-10-20 19:38:57,121 [main] INFO Zoopla Automation - ******** > Test excuted with chrome browser  < ***********
2021-10-20 19:38:59,316 [main] INFO Zoopla Automation - ******** > User able to enter URL  < ***********
2021-10-20 19:39:01,033 [main] INFO Zoopla Automation - ******** > User able to click on the login button < ***********
2021-10-20 19:39:02,438 [main] INFO Zoopla Automation - ******** > User enter the userName & Peassword < ***********
2021-10-20 19:39:02,783 [main] INFO Zoopla Automation - ******** > User click on the signing button < ***********
2021-10-20 19:39:02,808 [main] INFO Zoopla Automation - ******** > User able to verify successfully login & verify the homepage title < ***********
2021-10-20 19:39:04,823 [main] INFO Zoopla Automation - ******** > User able to take screen shot for verfy the homepage < ***********
2021-10-20 19:52:49,293 [main] INFO Zoopla Automation - ******** > Test excuted with chrome browser  < ***********
2021-10-20 19:52:51,341 [main] INFO Zoopla Automation - ******** > User able to enter URL  < ***********
2021-10-20 19:52:53,053 [main] INFO Zoopla Automation - ******** > User able to click on the login button < ***********
2021-10-20 19:52:54,506 [main] INFO Zoopla Automation - ******** > User enter the userName & Peassword < ***********
2021-10-20 19:52:54,756 [main] INFO Zoopla Automation - ******** > User click on the signing button < ***********
2021-10-20 19:52:54,788 [main] INFO Zoopla Automation - ******** > User able to verify successfully login & verify the homepage title < ***********
2021-10-20 19:52:56,806 [main] INFO Zoopla Automation - ******** > User able to take screen shot for verfy the homepage < ***********
2021-10-20 19:54:57,067 [main] INFO Zoopla Automation - ******** > Test excuted with chrome browser  < ***********
2021-10-20 19:54:59,135 [main] INFO Zoopla Automation - ******** > User able to enter URL  < ***********
2021-10-20 19:55:00,927 [main] INFO Zoopla Automation - ******** > User able to click on the login button < ***********
2021-10-20 19:55:02,607 [main] INFO Zoopla Automation - ******** > User enter the userName & Peassword < ***********
2021-10-20 19:55:02,893 [main] INFO Zoopla Automation - ******** > User click on the signing button < ***********
2021-10-20 19:55:02,914 [main] INFO Zoopla Automation - ******** > User able to verify successfully login & verify the homepage title < ***********
2021-10-20 19:55:04,930 [main] INFO Zoopla Automation - ******** > User able to take screen shot for verfy the homepage < ***********
